[debug] ----------------------------------------------------------------------
[debug] Command:      /usr/local/bin/node /usr/local/bin/firebase deploy
[debug] CLI Version:  3.2.2
[debug] Platform:     darwin
[debug] Node Version: v6.9.5
[debug] Time:         Thu Aug 30 2018 01:32:40 GMT-0600 (MDT)
[debug] ----------------------------------------------------------------------
[debug] 
[debug] > command requires scopes: ["email","openid","https://www.googleapis.com/auth/cloudplatformprojects.readonly","https://www.googleapis.com/auth/firebase"]
[debug] >>> HTTP REQUEST GET https://admin.firebase.com/v1/projects/jimbucktoo-7fed6  
 Thu Aug 30 2018 01:32:40 GMT-0600 (MDT)
[debug] <<< HTTP RESPONSE 200
[debug] >>> HTTP REQUEST GET https://admin.firebase.com/v1/database/jimbucktoo-7fed6/tokens  
 Thu Aug 30 2018 01:32:40 GMT-0600 (MDT)
[debug] <<< HTTP RESPONSE 200
[info] 
[info] === Deploying to 'jimbucktoo-7fed6'...
[info] 
[info] i  deploying database, hosting
[info] ✔  database: rules ready to deploy.
[info] i  hosting: preparing public directory for upload...
[debug] >>> HTTP REQUEST PUT https://deploy.firebase.com/v1/hosting/jimbucktoo-7fed6/uploads/-LL8jttxn_QIwD8vnuP1?fileCount=18&message=  
 Thu Aug 30 2018 01:32:43 GMT-0600 (MDT)
